<?xml version="1.0" encoding="UTF-8"?>
<!-- Generated by org.testng.reporters.JUnitReportReporter -->
<testsuite skipped="0" hostname="MLINPU1502-0035" name="com.nemo.qa.testcases.LoginTest" tests="2" failures="0" timestamp="06 Jul 2018 07:03:42 GMT" time="32.226" errors="0">
  <testcase name="validatelogintitle" time="16.653" classname="com.nemo.qa.testcases.LoginTest"/>
  <testcase name="login" time="15.573" classname="com.nemo.qa.testcases.LoginTest"/>
</testsuite> <!-- com.nemo.qa.testcases.LoginTest -->
