<?xml version="1.0" encoding="UTF-8"?>
<!-- Generated by org.testng.reporters.JUnitReportReporter -->
<testsuite skipped="0" hostname="MLINPU1502-0035" name="com.nemo.qa.testcases.LoginTest" tests="2" failures="0" timestamp="17 Jul 2018 05:12:19 GMT" time="52.438" errors="0">
  <testcase name="validatelogintitle" time="19.626" classname="com.nemo.qa.testcases.LoginTest"/>
  <testcase name="login" time="32.812" classname="com.nemo.qa.testcases.LoginTest"/>
</testsuite> <!-- com.nemo.qa.testcases.LoginTest -->
