<?xml version="1.0" encoding="UTF-8"?>
<!-- Generated by org.testng.reporters.JUnitReportReporter -->
<testsuite skipped="0" hostname="MLINPU1502-0035" name="com.nemo.qa.testcases.LoginTest" tests="2" failures="0" timestamp="12 Jul 2018 06:47:30 GMT" time="41.650" errors="0">
  <testcase name="validatelogintitle" time="17.642" classname="com.nemo.qa.testcases.LoginTest"/>
  <testcase name="login" time="24.008" classname="com.nemo.qa.testcases.LoginTest"/>
</testsuite> <!-- com.nemo.qa.testcases.LoginTest -->
