<?xml version="1.0" encoding="UTF-8"?>
<!-- Generated by org.testng.reporters.JUnitReportReporter -->
<testsuite skipped="0" hostname="MLINPU1502-0035" name="com.nemo.qa.testcases.LoginTest" tests="2" failures="0" timestamp="05 Jul 2018 11:21:19 GMT" time="27.111" errors="0">
  <testcase name="validatelogintitle" time="10.928" classname="com.nemo.qa.testcases.LoginTest"/>
  <testcase name="login" time="16.183" classname="com.nemo.qa.testcases.LoginTest"/>
</testsuite> <!-- com.nemo.qa.testcases.LoginTest -->
