<?xml version="1.0" encoding="UTF-8"?>
<!-- Generated by org.testng.reporters.JUnitReportReporter -->
<testsuite skipped="0" hostname="MLINPU1502-0035" name="com.nemo.qa.testcases.LoginTest" tests="2" failures="0" timestamp="06 Jul 2018 07:41:13 GMT" time="24.948" errors="0">
  <testcase name="validatelogintitle" time="10.482" classname="com.nemo.qa.testcases.LoginTest"/>
  <testcase name="login" time="14.466" classname="com.nemo.qa.testcases.LoginTest"/>
</testsuite> <!-- com.nemo.qa.testcases.LoginTest -->
