<?xml version="1.0" encoding="UTF-8"?>
<!-- Generated by org.testng.reporters.JUnitReportReporter -->
<testsuite skipped="0" hostname="MLINPU1502-0035" name="com.nemo.qa.testcases.LoginTest" tests="2" failures="0" timestamp="17 Jul 2018 07:16:45 GMT" time="30.841" errors="0">
  <testcase name="validatelogintitle" time="10.710" classname="com.nemo.qa.testcases.LoginTest"/>
  <testcase name="login" time="20.131" classname="com.nemo.qa.testcases.LoginTest"/>
</testsuite> <!-- com.nemo.qa.testcases.LoginTest -->
